console.log("I am Start ");
setTimeout(()=>{
console.log("I will call later on ");
}, 5000);
console.log("I am End ");
VM267:1 I am Start 
VM267:5 I am End 
undefined
VM267:3 I will call later on 
console.log("I am Start ");
doLongWork();
console.log("I am End ");
function doLongWork(){
setTimeout(()=>{
console.log("I will call later on ");
}, 5000);
}
VM354:1 I am Start 
VM354:3 I am End 
undefined
VM354:6 I will call later on 
console.log("I am Start ");
var e = doLongWork();
console.log("I am End ", e);
function doLongWork(){
setTimeout(()=>{
console.log("I will call later on ");
return 1000;
}, 5000);
// return undefined;
}
VM424:1 I am Start 
VM424:3 I am End  undefined
undefined
VM424:6 I will call later on 
function getReturnResult(result){
console.log('I am a CallBack  ', result);
}
console.log("I am Start ");
doLongWork(getReturnResult);
//var e = doLongWork(); Sync Style
//console.log("I am End ", e);
console.log('I am End ');
function doLongWork(fn){
setTimeout(()=>{
console.log("I will call later on ");
fn( 1000);
}, 5000);
// return undefined;
}

VM757:4 I am Start 
VM757:8 I am End 
undefined
VM757:11 I will call later on 
VM757:2 I am a CallBack   1000
console.log('Before Order ');
var promise = pizza(1);
console.log('After Order ',promise);
promise.then(data=>console.log(data)).catch(err=>console.log('Error ',err));
// pending, fullfilled, reject
function pizza(choice){
var pr = new Promise((resolve, reject)=>{
// Async Code
    setTimeout(()=>{
            if(choice == 3){
                reject("Not there");
}
        resolve("Here is Ur Pizza ");
},5000);
});
return pr;
}
VM1415:1 Before Order 
VM1415:3 After Order  Promise {<pending>}
Promise {<pending>}
VM1415:4 Here is Ur Pizza 
console.log('Before Order ');
var promise = pizza(3);
console.log('After Order ',promise);
promise.then(data=>console.log(data)).catch(err=>console.log('Error ',err));
// pending, fullfilled, reject
function pizza(choice){
var pr = new Promise((resolve, reject)=>{
// Async Code
    setTimeout(()=>{
            if(choice == 3){
                reject("Not there");
}
        resolve("Here is Ur Pizza ");
},5000);
});
return pr;
}
VM1424:1 Before Order 
VM1424:3 After Order  Promise {<pending>}
Promise {<pending>}
VM1424:4 Error  Not there
var products = {id:1010 , name:'Apple', price :6666};
undefined
typeof products;
"object"
JSON.stringify(products);
"{"id":1010,"name":"Apple","price":6666}"
XMLHttpRequest
ƒ XMLHttpRequest() { [native code] }
window.XMLHttpRequest
ƒ XMLHttpRequest() { [native code] }
var xmlHttpRequest = new XMLHttpRequest();

undefined
xmlHttpRequest.onreadystatechange=function(){
console.log(this.readyState, this.status, this.responseText);
}
ƒ (){
console.log(this.readyState, this.status, this.responseText);
}
xmlHttpRequest.open('GET','https://api.giphy.com/v1/gifs/search?api_key=vFRSFWo6g7vJ7ZAjt3DMDolU52ORTxwH&q=Iron%20Man&limit=5',true);
VM2019:2 1 0 ""
undefined
xmlHttpRequest.send(null);
undefined
VM2019:2 2 200 ""
VM2019:2 3 200 "{"data":[{"type":"gif","id":"3lvqNXheb679S","url":"https://giphy.com/gifs/robert-downey-jr-iron-man-eyes-3lvqNXheb679S","slug":"robert-downey-jr-iron-man-eyes-3lvqNXheb679S","bitly_gif_url":"http://gph.is/YBYKQX","bitly_url":"http://gph.is/YBYKQX","embed_url":"https://giphy.com/embed/3lvqNXheb679S","username":"","source":"http://merchant0fdeath.tumblr.com/post/25438032245/469-robert-downey-jr-gifs","title":"iron man eyes GIF","rating":"pg","content_url":"","source_tld":"","source_post_url":"http://merchant0fdeath.tumblr.com/post/25438032245/469-robert-downey-jr-gifs","is_sticker":0,"import_datetime":"1970-01-01 00:00:00","trending_datetime":"1970-01-01 00:00:00","images":{"original":{"height":"151","width":"245","size":"1023761","url":"https://media0.giphy.com/media/3lvqNXheb679S/giphy.gif","mp4_size":"1109056","mp4":"https://media0.giphy.com/media/3lvqNXheb679S/giphy.mp4","webp_size":"420068","webp":"https://media0.giphy.com/media/3lvqNXheb679S/giphy.webp","frames":"40","hash":"d41c151ffbe49dc68ecab97404626b16"},"downsized":{"height":"151","width":"245","size":"1023761","url":"https://media0.giphy.com/media/3lvqNXheb679S/giphy.gif"},"downsized_large":{"height":"151","width":"245","size":"1023761","url":"https://media0.giphy.com/media/3lvqNXheb679S/giphy.gif"},"downsized_medium":{"height":"151","width":"245","size":"1023761","url":"https://media0.giphy.com/media/3lvqNXheb679S/giphy.gif"},"downsized_small":{"height":"128","width":"208","mp4_size":"60659","mp4":"https://media0.giphy.com/media/3lvqNXheb679S/giphy-downsized-small.mp4"},"downsized_still":{"height":"151","width":"245","size":"1023761","url":"https://media0.giphy.com/media/3lvqNXheb679S/giphy_s.gif"},"fixed_height":{"height":"200","width":"325","size":"1362137","url":"https://media0.giphy.com/media/3lvqNXheb679S/200.gif","mp4_size":"372031","mp4":"https://media0.giphy.com/media/3lvqNXheb679S/200.mp4","webp_size":"572530","webp":"https://media0.giphy.com/media/3lvqNXheb679S/200.webp"},"fixed_height_downsampled":{"height":"200","width":"325","size":"214738","url":"https://media0.giphy.com/media/3lvqNXheb679S/200_d.gif","webp_size":"114382","webp":"https://media0.giphy.com/media/3lvqNXheb679S/200_d.webp"},"fixed_height_small":{"height":"100","width":"163","size":"368697","url":"https://media0.giphy.com/media/3lvqNXheb679S/100.gif","mp4_size":"82704","mp4":"https://media0.giphy.com/media/3lvqNXheb679S/100.mp4","webp_size":"154790","webp":"https://media0.giphy.com/media/3lvqNXheb679S/100.webp"},"fixed_height_small_still":{"height":"100","width":"163","size":"10401","url":"https://media0.giphy.com/media/3lvqNXheb679S/100_s.gif"},"fixed_height_still":{"height":"200","width":"325","size":"35728","url":"https://media0.giphy.com/media/3lvqNXheb679S/200_s.gif"},"fixed_width":{"height":"123","width":"200","size":"622443","url":"https://media0.giphy.com/media/3lvqNXheb679S/200w.gif","mp4_size":"123785","mp4":"https://media0.giphy.com/media/3lvqNXheb679S/200w.mp4","webp_size":"225622","webp":"https://media0.giphy.com/media/3lvqNXheb679S/200w.webp"},"fixed_width_downsampled":{"height":"123","width":"200","size":"94380","url":"https://media0.giphy.com/media/3lvqNXheb679S/200w_d.gif","webp_size":"47830","webp":"https://media0.giphy.com/media/3lvqNXheb679S/200w_d.webp"},"fixed_width_small":{"height":"62","width":"100","size":"149220","url":"https://media0.giphy.com/media/3lvqNXheb679S/100w.gif","mp4_size":"32892","mp4":"https://media0.giphy.com/media/3lvqNXheb679S/100w.mp4","webp_size":"74172","webp":"https://media0.giphy.com/media/3lvqNXheb679S/100w.webp"},"fixed_width_small_still":{"height":"62","width":"100","size":"4564","url":"https://media0.giphy.com/media/3lvqNXheb679S/100w_s.gif"},"fixed_width_still":{"height":"123","width":"200","size":"16565","url":"https://media0.giphy.com/media/3lvqNXheb679S/200w_s.gif"},"looping":{"mp4_size":"4934354","mp4":"https://media0.giphy.com/media/3lvqNXheb679S/giphy-loop.mp4"},"original_still":{"height":"151","width":"245","size":"27135","url":"https://media0.giphy.com/media/3lvqNXheb679S/giphy_s.gif"},"original_mp4":{"height":"294","width":"480","mp4_size":"1109056","mp4":"https://media0.giphy.com/media/3lvqNXheb679S/giphy.mp4"},"preview":{"height":"114","width":"185","mp4_size":"39695","mp4":"https://media0.giphy.com/media/3lvqNXheb679S/giphy-preview.mp4"},"preview_gif":{"height":"55","width":"89","size":"48459","url":"https://media0.giphy.com/media/3lvqNXheb679S/giphy-preview.gif"},"preview_webp":{"height":"80","width":"130","size":"29340","url":"https://media0.giphy.com/media/3lvqNXheb679S/giphy-preview.webp"},"480w_still":{"height":"296","width":"480","size":"1023761","url":"https://media0.giphy.com/media/3lvqNXheb679S/480w_s.jpg"}},"analytics_response_payload":"e=Z2lmX2lkPTNsdnFOWGhlYjY3OVMmZXZlbnRfdHlwZT1HSUZfU0VBUkNIJmNpZD04ZTNmNGQ0Zmc2ZTN6aWxlempvczcydmlyd3RybjM0Y3g0ZWNqM2c4OXcwMTJoc3cmY3Q9Z2lm","analytics":{"onload":{"url":"https://giphy-analytics.giphy.com/v2/pingback_simple?analytics_response_payload=e%3DZ2lmX2lkPT"
VM2019:2 4 200 "{"data":[{"type":"gif","id":"3lvqNXheb679S","url":"https://giphy.com/gifs/robert-downey-jr-iron-man-eyes-3lvqNXheb679S","slug":"robert-downey-jr-iron-man-eyes-3lvqNXheb679S","bitly_gif_url":"http://gph.is/YBYKQX","bitly_url":"http://gph.is/YBYKQX","embed_url":"https://giphy.com/embed/3lvqNXheb679S","username":"","source":"http://merchant0fdeath.tumblr.com/post/25438032245/469-robert-downey-jr-gifs","title":"iron man eyes GIF","rating":"pg","content_url":"","source_tld":"","source_post_url":"http://merchant0fdeath.tumblr.com/post/25438032245/469-robert-downey-jr-gifs","is_sticker":0,"import_datetime":"1970-01-01 00:00:00","trending_datetime":"1970-01-01 00:00:00","images":{"original":{"height":"151","width":"245","size":"1023761","url":"https://media0.giphy.com/media/3lvqNXheb679S/giphy.gif","mp4_size":"1109056","mp4":"https://media0.giphy.com/media/3lvqNXheb679S/giphy.mp4","webp_size":"420068","webp":"https://media0.giphy.com/media/3lvqNXheb679S/giphy.webp","frames":"40","hash":"d41c151ffbe49dc68ecab97404626b16"},"downsized":{"height":"151","width":"245","size":"1023761","url":"https://media0.giphy.com/media/3lvqNXheb679S/giphy.gif"},"downsized_large":{"height":"151","width":"245","size":"1023761","url":"https://media0.giphy.com/media/3lvqNXheb679S/giphy.gif"},"downsized_medium":{"height":"151","width":"245","size":"1023761","url":"https://media0.giphy.com/media/3lvqNXheb679S/giphy.gif"},"downsized_small":{"height":"128","width":"208","mp4_size":"60659","mp4":"https://media0.giphy.com/media/3lvqNXheb679S/giphy-downsized-small.mp4"},"downsized_still":{"height":"151","width":"245","size":"1023761","url":"https://media0.giphy.com/media/3lvqNXheb679S/giphy_s.gif"},"fixed_height":{"height":"200","width":"325","size":"1362137","url":"https://media0.giphy.com/media/3lvqNXheb679S/200.gif","mp4_size":"372031","mp4":"https://media0.giphy.com/media/3lvqNXheb679S/200.mp4","webp_size":"572530","webp":"https://media0.giphy.com/media/3lvqNXheb679S/200.webp"},"fixed_height_downsampled":{"height":"200","width":"325","size":"214738","url":"https://media0.giphy.com/media/3lvqNXheb679S/200_d.gif","webp_size":"114382","webp":"https://media0.giphy.com/media/3lvqNXheb679S/200_d.webp"},"fixed_height_small":{"height":"100","width":"163","size":"368697","url":"https://media0.giphy.com/media/3lvqNXheb679S/100.gif","mp4_size":"82704","mp4":"https://media0.giphy.com/media/3lvqNXheb679S/100.mp4","webp_size":"154790","webp":"https://media0.giphy.com/media/3lvqNXheb679S/100.webp"},"fixed_height_small_still":{"height":"100","width":"163","size":"10401","url":"https://media0.giphy.com/media/3lvqNXheb679S/100_s.gif"},"fixed_height_still":{"height":"200","width":"325","size":"35728","url":"https://media0.giphy.com/media/3lvqNXheb679S/200_s.gif"},"fixed_width":{"height":"123","width":"200","size":"622443","url":"https://media0.giphy.com/media/3lvqNXheb679S/200w.gif","mp4_size":"123785","mp4":"https://media0.giphy.com/media/3lvqNXheb679S/200w.mp4","webp_size":"225622","webp":"https://media0.giphy.com/media/3lvqNXheb679S/200w.webp"},"fixed_width_downsampled":{"height":"123","width":"200","size":"94380","url":"https://media0.giphy.com/media/3lvqNXheb679S/200w_d.gif","webp_size":"47830","webp":"https://media0.giphy.com/media/3lvqNXheb679S/200w_d.webp"},"fixed_width_small":{"height":"62","width":"100","size":"149220","url":"https://media0.giphy.com/media/3lvqNXheb679S/100w.gif","mp4_size":"32892","mp4":"https://media0.giphy.com/media/3lvqNXheb679S/100w.mp4","webp_size":"74172","webp":"https://media0.giphy.com/media/3lvqNXheb679S/100w.webp"},"fixed_width_small_still":{"height":"62","width":"100","size":"4564","url":"https://media0.giphy.com/media/3lvqNXheb679S/100w_s.gif"},"fixed_width_still":{"height":"123","width":"200","size":"16565","url":"https://media0.giphy.com/media/3lvqNXheb679S/200w_s.gif"},"looping":{"mp4_size":"4934354","mp4":"https://media0.giphy.com/media/3lvqNXheb679S/giphy-loop.mp4"},"original_still":{"height":"151","width":"245","size":"27135","url":"https://media0.giphy.com/media/3lvqNXheb679S/giphy_s.gif"},"original_mp4":{"height":"294","width":"480","mp4_size":"1109056","mp4":"https://media0.giphy.com/media/3lvqNXheb679S/giphy.mp4"},"preview":{"height":"114","width":"185","mp4_size":"39695","mp4":"https://media0.giphy.com/media/3lvqNXheb679S/giphy-preview.mp4"},"preview_gif":{"height":"55","width":"89","size":"48459","url":"https://media0.giphy.com/media/3lvqNXheb679S/giphy-preview.gif"},"preview_webp":{"height":"80","width":"130","size":"29340","url":"https://media0.giphy.com/media/3lvqNXheb679S/giphy-preview.webp"},"480w_still":{"height":"296","width":"480","size":"1023761","url":"https://media0.giphy.com/media/3lvqNXheb679S/480w_s.jpg"}},"analytics_response_payload":"e=Z2lmX2lkPTNsdnFOWGhlYjY3OVMmZXZlbnRfdHlwZT1HSUZfU0VBUkNIJmNpZD04ZTNmNGQ0Zmc2ZTN6aWxlempvczcydmlyd3RybjM0Y3g0ZWNqM2c4OXcwMTJoc3cmY3Q9Z2lm","analytics":{"onload":{"url":"https://giphy-analytics.giphy.com/v2/pingback_simple?analytics_response_payload=e%3DZ2lmX2lkPT"
xmlHttpRequest.onreadystatechange=function(){
//console.log(this.readyState, this.status, this.responseText);
if(this.readyState==4 && this.status == 200){
    let obj = JSON.parse(this.responseText);
    console.log(obj);
    //console.log('Response ', this.responseText);
}
}
ƒ (){
//console.log(this.readyState, this.status, this.responseText);
if(this.readyState==4 && this.status == 200){
    let obj = JSON.parse(this.responseText);
    console.log(obj);
    //console.log(…
xmlHttpRequest.open('GET','https://api.giphy.com/v1/gifs/search?api_key=vFRSFWo6g7vJ7ZAjt3DMDolU52ORTxwH&q=Iron%20Man&limit=5',true);
undefined
xmlHttpRequest.send(null);
undefined
VM2426:5 {data: Array(5), pagination: {…}, meta: {…}}data: Array(5)0: analytics: {onload: {…}, onclick: {…}, onsent: {…}}analytics_response_payload: "e=Z2lmX2lkPTNsdnFOWGhlYjY3OVMmZXZlbnRfdHlwZT1HSUZfU0VBUkNIJmNpZD04ZTNmNGQ0Zmc2ZTN6aWxlempvczcydmlyd3RybjM0Y3g0ZWNqM2c4OXcwMTJoc3cmY3Q9Z2lm"bitly_gif_url: "http://gph.is/YBYKQX"bitly_url: "http://gph.is/YBYKQX"content_url: ""embed_url: "https://giphy.com/embed/3lvqNXheb679S"id: "3lvqNXheb679S"images: 480w_still: {height: "296", width: "480", size: "1023761", url: "https://media0.giphy.com/media/3lvqNXheb679S/480w_s.jpg"}downsized: {height: "151", width: "245", size: "1023761", url: "https://media0.giphy.com/media/3lvqNXheb679S/giphy.gif"}downsized_large: {height: "151", width: "245", size: "1023761", url: "https://media0.giphy.com/media/3lvqNXheb679S/giphy.gif"}downsized_medium: {height: "151", width: "245", size: "1023761", url: "https://media0.giphy.com/media/3lvqNXheb679S/giphy.gif"}downsized_small: {height: "128", width: "208", mp4_size: "60659", mp4: "https://media0.giphy.com/media/3lvqNXheb679S/giphy-downsized-small.mp4"}downsized_still: {height: "151", width: "245", size: "1023761", url: "https://media0.giphy.com/media/3lvqNXheb679S/giphy_s.gif"}fixed_height: {height: "200", width: "325", size: "1362137", url: "https://media0.giphy.com/media/3lvqNXheb679S/200.gif", mp4_size: "372031", …}fixed_height_downsampled: {height: "200", width: "325", size: "214738", url: "https://media0.giphy.com/media/3lvqNXheb679S/200_d.gif", webp_size: "114382", …}fixed_height_small: {height: "100", width: "163", size: "368697", url: "https://media0.giphy.com/media/3lvqNXheb679S/100.gif", mp4_size: "82704", …}fixed_height_small_still: {height: "100", width: "163", size: "10401", url: "https://media0.giphy.com/media/3lvqNXheb679S/100_s.gif"}fixed_height_still: {height: "200", width: "325", size: "35728", url: "https://media0.giphy.com/media/3lvqNXheb679S/200_s.gif"}fixed_width: {height: "123", width: "200", size: "622443", url: "https://media0.giphy.com/media/3lvqNXheb679S/200w.gif", mp4_size: "123785", …}fixed_width_downsampled: {height: "123", width: "200", size: "94380", url: "https://media0.giphy.com/media/3lvqNXheb679S/200w_d.gif", webp_size: "47830", …}fixed_width_small: {height: "62", width: "100", size: "149220", url: "https://media0.giphy.com/media/3lvqNXheb679S/100w.gif", mp4_size: "32892", …}fixed_width_small_still: {height: "62", width: "100", size: "4564", url: "https://media0.giphy.com/media/3lvqNXheb679S/100w_s.gif"}fixed_width_still: {height: "123", width: "200", size: "16565", url: "https://media0.giphy.com/media/3lvqNXheb679S/200w_s.gif"}looping: {mp4_size: "4934354", mp4: "https://media0.giphy.com/media/3lvqNXheb679S/giphy-loop.mp4"}original: frames: "40"hash: "d41c151ffbe49dc68ecab97404626b16"height: "151"mp4: "https://media0.giphy.com/media/3lvqNXheb679S/giphy.mp4"mp4_size: "1109056"size: "1023761"url: "https://media0.giphy.com/media/3lvqNXheb679S/giphy.gif"webp: "https://media0.giphy.com/media/3lvqNXheb679S/giphy.webp"webp_size: "420068"width: "245"__proto__: Objectoriginal_mp4: {height: "294", width: "480", mp4_size: "1109056", mp4: "https://media0.giphy.com/media/3lvqNXheb679S/giphy.mp4"}original_still: {height: "151", width: "245", size: "27135", url: "https://media0.giphy.com/media/3lvqNXheb679S/giphy_s.gif"}preview: {height: "114", width: "185", mp4_size: "39695", mp4: "https://media0.giphy.com/media/3lvqNXheb679S/giphy-preview.mp4"}preview_gif: {height: "55", width: "89", size: "48459", url: "https://media0.giphy.com/media/3lvqNXheb679S/giphy-preview.gif"}preview_webp: {height: "80", width: "130", size: "29340", url: "https://media0.giphy.com/media/3lvqNXheb679S/giphy-preview.webp"}__proto__: Objectimport_datetime: "1970-01-01 00:00:00"is_sticker: 0rating: "pg"slug: "robert-downey-jr-iron-man-eyes-3lvqNXheb679S"source: "http://merchant0fdeath.tumblr.com/post/25438032245/469-robert-downey-jr-gifs"source_post_url: "http://merchant0fdeath.tumblr.com/post/25438032245/469-robert-downey-jr-gifs"source_tld: ""title: "iron man eyes GIF"trending_datetime: "1970-01-01 00:00:00"type: "gif"url: "https://giphy.com/gifs/robert-downey-jr-iron-man-eyes-3lvqNXheb679S"username: ""__proto__: Object1: {type: "gif", id: "lySzu7q4P49u8", url: "https://giphy.com/gifs/iron-man-lySzu7q4P49u8", slug: "iron-man-lySzu7q4P49u8", bitly_gif_url: "http://gph.is/12DEtPI", …}2: {type: "gif", id: "OPOIcmwa6Ew2A", url: "https://giphy.com/gifs/avengers-age-of-ultron-avengersedit-OPOIcmwa6Ew2A", slug: "avengers-age-of-ultron-avengersedit-OPOIcmwa6Ew2A", bitly_gif_url: "http://gph.is/1BLGQSu", …}3: {type: "gif", id: "AbYxDs20DECQw", url: "https://giphy.com/gifs/robert-downey-jr-iron-man-tony-stark-AbYxDs20DECQw", slug: "robert-downey-jr-iron-man-tony-stark-AbYxDs20DECQw", bitly_gif_url: "http://gph.is/XHW4F8", …}4: {type: "gif", id: "WJZdOtltegO76", url: "https://giphy.com/gifs/iron-man-robert-downey-jr-marvel-WJZdOtltegO76", slug: "iron-man-robert-downey-jr-marvel-WJZdOtltegO76", bitly_gif_url: "http://gph.is/XMx0Ng", …}length: 5__proto__: Array(0)meta: {status: 200, msg: "OK", response_id: "g6e3zilezjos72virwtrn34cx4ecj3g89w012hsw"}pagination: {total_count: 535, count: 5, offset: 0}__proto__: Object
const promise = fetch('https://api.giphy.com/v1/gifs/search?api_key=vFRSFWo6g7vJ7ZAjt3DMDolU52ORTxwH&q=Iron%20Man&limit=5');
promise.then(response=>console.log(response)).catch(err=>console.log(err));
VM2768:1 Uncaught SyntaxError: Identifier 'promise' has already been declared
const promise2 = fetch('https://api.giphy.com/v1/gifs/search?api_key=vFRSFWo6g7vJ7ZAjt3DMDolU52ORTxwH&q=Iron%20Man&limit=5');
promise2.then(response=>console.log(response)).catch(err=>console.log(err));
Promise {<pending>}
VM2778:2 Response {type: "cors", url: "https://api.giphy.com/v1/gifs/search?api_key=vFRSFWo6g7vJ7ZAjt3DMDolU52ORTxwH&q=Iron%20Man&limit=5", redirected: false, status: 200, ok: true, …}
const promise2 = fetch('https://api.giphy.com/v1/gifs/search?api_key=vFRSFWo6g7vJ7ZAjt3DMDolU52ORTxwH&q=Iron%20Man&limit=5');
promise2.then(response=>response.json().then(data=>console.log(data).catch(err)=>console.log('Invalid JSON ', err)).catch(err=>console.log(err));
VM3033:2 Uncaught SyntaxError: Malformed arrow function parameter list
const promise2 = fetch('https://api.giphy.com/v1/gifs/search?api_key=vFRSFWo6g7vJ7ZAjt3DMDolU52ORTxwH&q=Iron%20Man&limit=5');
promise2.then(response=>response.json().then(data=>console.log(data)).catch(err=>console.log('Invalid JSON ', err))).catch(err=>console.log(err));
VM3051:1 Uncaught SyntaxError: Identifier 'promise2' has already been declared
const promise3 = fetch('https://api.giphy.com/v1/gifs/search?api_key=vFRSFWo6g7vJ7ZAjt3DMDolU52ORTxwH&q=Iron%20Man&limit=5');
promise3.then(response=>response.json().then(data=>console.log(data)).catch(err=>console.log('Invalid JSON ', err))).catch(err=>console.log(err));
Promise {<pending>}
VM3063:2 {data: Array(5), pagination: {…}, meta: {…}}data: (5) [{…}, {…}, {…}, {…}, {…}]meta: {status: 200, msg: "OK", response_id: "g6e3zilezjos72virwtrn34cx4ecj3g89w012hsw"}pagination: {total_count: 535, count: 5, offset: 0}__proto__: Object
